C:\USERS\ANSARM\SKYDRIVE @ MICROSOFT\CODE\PROJECTS\CONNECTIONLOGGER\CONNECTIONLOGEXPORTER\RELEASE\CONNECTIONLOGEXPORTER.PCH
C:\USERS\ANSARM\SKYDRIVE @ MICROSOFT\CODE\PROJECTS\CONNECTIONLOGGER\CONNECTIONLOGEXPORTER\RELEASE\STDAFX.OBJ
C:\USERS\ANSARM\SKYDRIVE @ MICROSOFT\CODE\PROJECTS\CONNECTIONLOGGER\CONNECTIONLOGEXPORTER\RELEASE\VC110.PDB
C:\USERS\ANSARM\SKYDRIVE @ MICROSOFT\CODE\PROJECTS\CONNECTIONLOGGER\CONNECTIONLOGEXPORTER\RELEASE\CONNECTIONLOGEXPORTER.OBJ
C:\USERS\ANSARM\SKYDRIVE @ MICROSOFT\CODE\PROJECTS\CONNECTIONLOGGER\CONNECTIONLOGEXPORTER\RELEASE\SQLITE3.OBJ
C:\USERS\ANSARM\SKYDRIVE @ MICROSOFT\CODE\PROJECTS\CONNECTIONLOGGER\RELEASE\CONNECTIONLOGEXPORTER.EXE
C:\USERS\ANSARM\SKYDRIVE @ MICROSOFT\CODE\PROJECTS\CONNECTIONLOGGER\RELEASE\CONNECTIONLOGEXPORTER.PDB
C:\Users\ansarm\SkyDrive @ Microsoft\Code\Projects\ConnectionLogger\ConnectionLogExporter\Release\ConnectionLogExporter.obj
C:\Users\ansarm\SkyDrive @ Microsoft\Code\Projects\ConnectionLogger\ConnectionLogExporter\Release\sqlite3.obj
C:\Users\ansarm\SkyDrive @ Microsoft\Code\Projects\ConnectionLogger\ConnectionLogExporter\Release\stdafx.obj
C:\Users\ansarm\SkyDrive @ Microsoft\Code\Projects\ConnectionLogger\ConnectionLogExporter\Release\cl.command.1.tlog
C:\Users\ansarm\SkyDrive @ Microsoft\Code\Projects\ConnectionLogger\ConnectionLogExporter\Release\CL.read.1.tlog
C:\Users\ansarm\SkyDrive @ Microsoft\Code\Projects\ConnectionLogger\ConnectionLogExporter\Release\CL.write.1.tlog
C:\Users\ansarm\SkyDrive @ Microsoft\Code\Projects\ConnectionLogger\ConnectionLogExporter\Release\link-cvtres.read.1.tlog
C:\Users\ansarm\SkyDrive @ Microsoft\Code\Projects\ConnectionLogger\ConnectionLogExporter\Release\link-cvtres.write.1.tlog
C:\Users\ansarm\SkyDrive @ Microsoft\Code\Projects\ConnectionLogger\ConnectionLogExporter\Release\link-rc.read.1.tlog
C:\Users\ansarm\SkyDrive @ Microsoft\Code\Projects\ConnectionLogger\ConnectionLogExporter\Release\link-rc.write.1.tlog
C:\Users\ansarm\SkyDrive @ Microsoft\Code\Projects\ConnectionLogger\ConnectionLogExporter\Release\link.command.1.tlog
C:\Users\ansarm\SkyDrive @ Microsoft\Code\Projects\ConnectionLogger\ConnectionLogExporter\Release\link.read.1.tlog
C:\Users\ansarm\SkyDrive @ Microsoft\Code\Projects\ConnectionLogger\ConnectionLogExporter\Release\link.write.1.tlog
C:\Users\ansarm\SkyDrive @ Microsoft\Code\Projects\ConnectionLogger\ConnectionLogExporter\Release\ConnectionLogExporter.pch
C:\Users\ansarm\SkyDrive @ Microsoft\Code\Projects\ConnectionLogger\ConnectionLogExporter\Release\vc110.pdb
C:\Users\ansarm\SkyDrive @ Microsoft\Code\Projects\ConnectionLogger\Release\ConnectionLogExporter.pdb
C:\Users\ansarm\SkyDrive @ Microsoft\Code\Projects\ConnectionLogger\Release\ConnectionLogExporter.exe
