C:\DATA\PROJECTS\CONNECTIONLOGGER\CONNECTIONLOGEXPORTER\DEBUG\CONNECTIONLOGEXPORTER.PCH
C:\DATA\PROJECTS\CONNECTIONLOGGER\CONNECTIONLOGEXPORTER\DEBUG\STDAFX.OBJ
C:\DATA\PROJECTS\CONNECTIONLOGGER\CONNECTIONLOGEXPORTER\DEBUG\VC110.PDB
C:\DATA\PROJECTS\CONNECTIONLOGGER\CONNECTIONLOGEXPORTER\DEBUG\CONNECTIONLOGEXPORTER.OBJ
C:\DATA\PROJECTS\CONNECTIONLOGGER\CONNECTIONLOGEXPORTER\DEBUG\SQLITE3.OBJ
C:\DATA\PROJECTS\CONNECTIONLOGGER\DEBUG\CONNECTIONLOGEXPORTER.ILK
C:\DATA\PROJECTS\CONNECTIONLOGGER\DEBUG\CONNECTIONLOGEXPORTER.EXE
C:\DATA\PROJECTS\CONNECTIONLOGGER\DEBUG\CONNECTIONLOGEXPORTER.PDB
C:\Data\Projects\ConnectionLogger\ConnectionLogExporter\Debug\ConnectionLogExporter.obj
C:\Data\Projects\ConnectionLogger\ConnectionLogExporter\Debug\sqlite3.obj
C:\Data\Projects\ConnectionLogger\ConnectionLogExporter\Debug\stdafx.obj
C:\Data\Projects\ConnectionLogger\ConnectionLogExporter\Debug\cl.command.1.tlog
C:\Data\Projects\ConnectionLogger\ConnectionLogExporter\Debug\CL.read.1.tlog
C:\Data\Projects\ConnectionLogger\ConnectionLogExporter\Debug\CL.write.1.tlog
C:\Data\Projects\ConnectionLogger\ConnectionLogExporter\Debug\link-cvtres.read.1.tlog
C:\Data\Projects\ConnectionLogger\ConnectionLogExporter\Debug\link-cvtres.write.1.tlog
C:\Data\Projects\ConnectionLogger\ConnectionLogExporter\Debug\link-rc.read.1.tlog
C:\Data\Projects\ConnectionLogger\ConnectionLogExporter\Debug\link-rc.write.1.tlog
C:\Data\Projects\ConnectionLogger\ConnectionLogExporter\Debug\link.command.1.tlog
C:\Data\Projects\ConnectionLogger\ConnectionLogExporter\Debug\link.read.1.tlog
C:\Data\Projects\ConnectionLogger\ConnectionLogExporter\Debug\link.write.1.tlog
C:\Data\Projects\ConnectionLogger\ConnectionLogExporter\Debug\ConnectionLogExporter.pch
C:\Data\Projects\ConnectionLogger\ConnectionLogExporter\Debug\vc110.idb
C:\Data\Projects\ConnectionLogger\ConnectionLogExporter\Debug\vc110.pdb
C:\Data\Projects\ConnectionLogger\Debug\ConnectionLogExporter.pdb
C:\Data\Projects\ConnectionLogger\Debug\ConnectionLogExporter.exe
C:\Data\Projects\ConnectionLogger\Debug\ConnectionLogExporter.ilk
